app/build/intermediates/manifest_merge_blame_file/debug/manifest-merger-blame-debug-report.txt
1<?xml version="1.0" encoding="utf-8"?>
2<!--
3  - INTERNET permission to call TheCatAPI
4  - MainActivity exported=true because of launcher intent filter (targetSdk >= 31)
5-->
6<manifest xmlns:android="http://schemas.android.com/apk/res/android"
7    package="com.example.moviles2primerparcial"
8    android:versionCode="1"
9    android:versionName="1.0" >
10
11    <uses-sdk
12        android:minSdkVersion="24"
13        android:targetSdkVersion="34" />
14
15    <uses-permission android:name="android.permission.INTERNET" />
15-->src\main\AndroidManifest.xml:8:5-67
15-->src\main\AndroidManifest.xml:8:22-64
16
17    <permission
17-->[androidx.core:core:1.13.1] AndroidManifest.xml:22:5-24:47
18        android:name="com.example.moviles2primerparcial.DYNAMIC_RECEIVER_NOT_EXPORTED_PERMISSION"
18-->[androidx.core:core:1.13.1] AndroidManifest.xml:23:9-81
19        android:protectionLevel="signature" />
19-->[androidx.core:core:1.13.1] AndroidManifest.xml:24:9-44
20
21    <uses-permission android:name="com.example.moviles2primerparcial.DYNAMIC_RECEIVER_NOT_EXPORTED_PERMISSION" />
21-->[androidx.core:core:1.13.1] AndroidManifest.xml:26:5-97
21-->[androidx.core:core:1.13.1] AndroidManifest.xml:26:22-94
22
23    <application
23-->src\main\AndroidManifest.xml:10:5-24:19
24        android:allowBackup="true"
24-->src\main\AndroidManifest.xml:11:9-35
25        android:appComponentFactory="androidx.core.app.CoreComponentFactory"
25-->[androidx.core:core:1.13.1] AndroidManifest.xml:28:18-86
26        android:debuggable="true"
27        android:extractNativeLibs="false"
28        android:label="@string/app_name"
28-->src\main\AndroidManifest.xml:12:9-41
29        android:supportsRtl="true"
29-->src\main\AndroidManifest.xml:13:9-35
30        android:testOnly="true"
31        android:theme="@style/Theme.Moviles2PrimerParcial" >
31-->src\main\AndroidManifest.xml:14:9-59
32        <activity
32-->src\main\AndroidManifest.xml:15:9-23:20
33            android:name="com.example.moviles2primerparcial.MainActivity"
33-->src\main\AndroidManifest.xml:16:13-41
34            android:exported="true" >
34-->src\main\AndroidManifest.xml:17:13-36
35
36            <!-- Launcher intent filter for the main activity -->
37            <intent-filter>
37-->src\main\AndroidManifest.xml:19:13-22:29
38                <action android:name="android.intent.action.MAIN" />
38-->src\main\AndroidManifest.xml:20:17-69
38-->src\main\AndroidManifest.xml:20:25-66
39
40                <category android:name="android.intent.category.LAUNCHER" />
40-->src\main\AndroidManifest.xml:21:17-77
40-->src\main\AndroidManifest.xml:21:27-74
41            </intent-filter>
42        </activity>
43
44        <provider
44-->[androidx.emoji2:emoji2:1.3.0] AndroidManifest.xml:24:9-32:20
45            android:name="androidx.startup.InitializationProvider"
45-->[androidx.emoji2:emoji2:1.3.0] AndroidManifest.xml:25:13-67
46            android:authorities="com.example.moviles2primerparcial.androidx-startup"
46-->[androidx.emoji2:emoji2:1.3.0] AndroidManifest.xml:26:13-68
47            android:exported="false" >
47-->[androidx.emoji2:emoji2:1.3.0] AndroidManifest.xml:27:13-37
48            <meta-data
48-->[androidx.emoji2:emoji2:1.3.0] AndroidManifest.xml:29:13-31:52
49                android:name="androidx.emoji2.text.EmojiCompatInitializer"
49-->[androidx.emoji2:emoji2:1.3.0] AndroidManifest.xml:30:17-75
50                android:value="androidx.startup" />
50-->[androidx.emoji2:emoji2:1.3.0] AndroidManifest.xml:31:17-49
51            <meta-data
51-->[androidx.lifecycle:lifecycle-process:2.9.0] AndroidManifest.xml:29:13-31:52
52                android:name="androidx.lifecycle.ProcessLifecycleInitializer"
52-->[androidx.lifecycle:lifecycle-process:2.9.0] AndroidManifest.xml:30:17-78
53                android:value="androidx.startup" />
53-->[androidx.lifecycle:lifecycle-process:2.9.0] AndroidManifest.xml:31:17-49
54            <meta-data
54-->[androidx.profileinstaller:profileinstaller:1.4.0] AndroidManifest.xml:29:13-31:52
55                android:name="androidx.profileinstaller.ProfileInstallerInitializer"
55-->[androidx.profileinstaller:profileinstaller:1.4.0] AndroidManifest.xml:30:17-85
56                android:value="androidx.startup" />
56-->[androidx.profileinstaller:profileinstaller:1.4.0] AndroidManifest.xml:31:17-49
57        </provider>
58
59        <uses-library
59-->[androidx.window:window:1.0.0] AndroidManifest.xml:25:9-27:40
60            android:name="androidx.window.extensions"
60-->[androidx.window:window:1.0.0] AndroidManifest.xml:26:13-54
61            android:required="false" />
61-->[androidx.window:window:1.0.0] AndroidManifest.xml:27:13-37
62        <uses-library
62-->[androidx.window:window:1.0.0] AndroidManifest.xml:28:9-30:40
63            android:name="androidx.window.sidecar"
63-->[androidx.window:window:1.0.0] AndroidManifest.xml:29:13-51
64            android:required="false" />
64-->[androidx.window:window:1.0.0] AndroidManifest.xml:30:13-37
65
66        <receiver
66-->[androidx.profileinstaller:profileinstaller:1.4.0] AndroidManifest.xml:34:9-52:20
67            android:name="androidx.profileinstaller.ProfileInstallReceiver"
67-->[androidx.profileinstaller:profileinstaller:1.4.0] AndroidManifest.xml:35:13-76
68            android:directBootAware="false"
68-->[androidx.profileinstaller:profileinstaller:1.4.0] AndroidManifest.xml:36:13-44
69            android:enabled="true"
69-->[androidx.profileinstaller:profileinstaller:1.4.0] AndroidManifest.xml:37:13-35
70            android:exported="true"
70-->[androidx.profileinstaller:profileinstaller:1.4.0] AndroidManifest.xml:38:13-36
71            android:permission="android.permission.DUMP" >
71-->[androidx.profileinstaller:profileinstaller:1.4.0] AndroidManifest.xml:39:13-57
72            <intent-filter>
72-->[androidx.profileinstaller:profileinstaller:1.4.0] AndroidManifest.xml:40:13-42:29
73                <action android:name="androidx.profileinstaller.action.INSTALL_PROFILE" />
73-->[androidx.profileinstaller:profileinstaller:1.4.0] AndroidManifest.xml:41:17-91
73-->[androidx.profileinstaller:profileinstaller:1.4.0] AndroidManifest.xml:41:25-88
74            </intent-filter>
75            <intent-filter>
75-->[androidx.profileinstaller:profileinstaller:1.4.0] AndroidManifest.xml:43:13-45:29
76                <action android:name="androidx.profileinstaller.action.SKIP_FILE" />
76-->[androidx.profileinstaller:profileinstaller:1.4.0] AndroidManifest.xml:44:17-85
76-->[androidx.profileinstaller:profileinstaller:1.4.0] AndroidManifest.xml:44:25-82
77            </intent-filter>
78            <intent-filter>
78-->[androidx.profileinstaller:profileinstaller:1.4.0] AndroidManifest.xml:46:13-48:29
79                <action android:name="androidx.profileinstaller.action.SAVE_PROFILE" />
79-->[androidx.profileinstaller:profileinstaller:1.4.0] AndroidManifest.xml:47:17-88
79-->[androidx.profileinstaller:profileinstaller:1.4.0] AndroidManifest.xml:47:25-85
80            </intent-filter>
81            <intent-filter>
81-->[androidx.profileinstaller:profileinstaller:1.4.0] AndroidManifest.xml:49:13-51:29
82                <action android:name="androidx.profileinstaller.action.BENCHMARK_OPERATION" />
82-->[androidx.profileinstaller:profileinstaller:1.4.0] AndroidManifest.xml:50:17-95
82-->[androidx.profileinstaller:profileinstaller:1.4.0] AndroidManifest.xml:50:25-92
83            </intent-filter>
84        </receiver>
85    </application>
86
87</manifest>